<?xml version="1.0" encoding="UTF-8"?>
<!-- Generated by org.testng.reporters.JUnitXMLReporter -->
<testsuite ignored="1" hostname="DESKTOP-NFFORA6" failures="1" tests="1" name="Test" time="28.084" errors="0" timestamp="2024-05-31T15:10:11 IST">
  <testcase classname="testCases.tc_001_NoCommeceLoginTest" name="verify_login" time="17.052">
    <failure type="java.lang.AssertionError" message="null">
      <![CDATA[java.lang.AssertionError: null
at testCases.tc_001_NoCommeceLoginTest.verify_login(tc_001_NoCommeceLoginTest.java:42)
at java.base/java.util.ArrayList.forEach(ArrayList.java:1541)
... Removed 33 stack frames]]>
    </failure>
  </testcase> <!-- verify_login -->
  <testcase classname="testCases.tc_001_AccountRegistrationTest" name="verify_account_registration" time="0.0">
    <ignored/>
  </testcase> <!-- verify_account_registration -->
</testsuite> <!-- Test -->
